<?xml version="1.0" encoding="UTF-8"?>
<testsuite xmlns:xsi="http://www.w3.org/2001/XMLSchema-instance" xsi:noNamespaceSchemaLocation="https://maven.apache.org/surefire/maven-surefire-plugin/xsd/surefire-test-report-3.0.xsd" version="3.0" name="testRunner.FailedTestRunner" time="44.153" tests="1" errors="0" skipped="0" failures="1">
  <properties>
[...]
</properties>
  <testcase name="Attempt Google login with invalid credentials" classname="Google login via ZigWheels" time="44.115">
    <failure message="Automation Blocked" type="java.lang.AssertionError"><![CDATA[java.lang.AssertionError: Automation Blocked
	at org.junit.Assert.fail(Assert.java:89)
	at stepDefinations.LoginSteps.user_attempts_google_login_with_credentials_from_sheet(LoginSteps.java:48)
	at ✽.user attempts Google login with credentials from sheet "Google"(file:///C:/Users/2462058/Downloads/Identify_New_Bikes%20(1)/Identify_New_Bikes/features/googlelogin.feature:9)
]]></failure>
    <system-out><![CDATA[
@GoogleLogin
Scenario: Attempt Google login with invalid credentials               &amp#27;[90m# features/googlelogin.feature:6&amp#27;[0m
12:36:48.409 [main] INFO  factory.BaseClass - ***** Starting Scenario execution *****
12:36:52.694 [main] INFO  factory.BaseClass - Browser launched and navigated to URL.
12:36:52.697 [main] INFO  factory.BaseClass - User is on the Home Page
  &amp#27;[32mGiven &amp#27;[0m&amp#27;[32mUser navigates to Home Page&amp#27;[0m                                   &amp#27;[90m# stepDefinations.Basic.user_navigates_to_home_page()&amp#27;[0m
12:36:52.700 [main] INFO  factory.BaseClass - Opening login and clicking Continue with Google...
12:36:52.700 [main] INFO  factory.BaseClass - Opening Login popup/modal...
12:36:52.986 [main] INFO  factory.BaseClass - Login UI opened.
12:36:52.986 [main] INFO  factory.BaseClass - Clicking 'Continue with Google'...
  &amp#27;[32mWhen &amp#27;[0m&amp#27;[32muser goes to login and clicks Google&amp#27;[0m                           &amp#27;[90m# stepDefinations.LoginSteps.user_goes_to_login_and_clicks_google()&amp#27;[0m
12:36:53.236 [main] INFO  factory.BaseClass - Waiting for Google login window to open...
12:36:54.629 [main] INFO  factory.BaseClass - Switched to Google window. Title: 
12:36:54.670 [main] INFO  factory.BaseClass - Attempting Google login with email: mytestid@gmail.com
12:36:54.670 [main] INFO  factory.BaseClass - Entering email on Google...
12:36:55.467 [main] INFO  factory.BaseClass - Entering password on Google...
12:37:27.214 [main] WARN  factory.BaseClass - Password field not visible. Google may have blocked automation or email invalid.
  &amp#27;[31mAnd &amp#27;[0m&amp#27;[31muser attempts Google login with credentials from sheet &amp#27;[0m&amp#27;[31m&amp#27;[1m"Google"&amp#27;[0m &amp#27;[90m# stepDefinations.LoginSteps.user_attempts_google_login_with_credentials_from_sheet(java.lang.String)&amp#27;[0m
      &amp#27;[31mjava.lang.AssertionError: Automation Blocked
	at org.junit.Assert.fail(Assert.java:89)
	at stepDefinations.LoginSteps.user_attempts_google_login_with_credentials_from_sheet(LoginSteps.java:48)
	at ✽.user attempts Google login with credentials from sheet "Google"(file:///C:/Users/2462058/Downloads/Identify_New_Bikes%20(1)/Identify_New_Bikes/features/googlelogin.feature:9)
&amp#27;[0m
  &amp#27;[36mThen &amp#27;[0m&amp#27;[36mmark the test as failed intentionally after invalid login&amp#27;[0m      &amp#27;[90m# stepDefinations.LoginSteps.mark_the_test_as_failed_intentionally_after_invalid_login()&amp#27;[0m
12:37:27.221 [main] ERROR factory.BaseClass - Scenario FAILED: Attempt Google login with invalid credentials

    Embedding Attempt Google login with invalid credentials [image/png 40473 bytes]

12:37:27.360 [main] INFO  factory.BaseClass - ***** Ending Scenario execution *****
]]></system-out>
    <system-err><![CDATA[Feb 16, 2026 12:36:50 PM org.openqa.selenium.devtools.CdpVersionFinder findNearestMatch
WARNING: Unable to find CDP implementation matching 144
Feb 16, 2026 12:36:50 PM org.openqa.selenium.chromium.ChromiumDriver lambda$new$5
WARNING: Unable to find version of CDP to use for 144.0.3719.115. You may need to include a dependency on a specific version of the CDP using something similar to `org.seleniumhq.selenium:selenium-devtools-v86:4.20.0` where the version ("v86") matches the version of the chromium-based browser you're using and the version number of the artifact is the same as Selenium's.
]]></system-err>
  </testcase>
</testsuite>