<?xml version="1.0" encoding="UTF-8"?>
<testsuite xmlns:xsi="http://www.w3.org/2001/XMLSchema-instance" xsi:noNamespaceSchemaLocation="https://maven.apache.org/surefire/maven-surefire-plugin/xsd/surefire-test-report-3.0.xsd" version="3.0" name="testRunner.TestRunner" time="614.651" tests="9" errors="0" skipped="0" failures="1">
  <properties>
[...]
</properties>
  <testcase name="Verify upcoming bikes for different manufacturers #1" classname="Upcoming Bikes Extraction" time="22.902">
    <system-out><![CDATA[
Scenario Outline: Verify upcoming bikes for different manufacturers &amp#27;[90m# features/basic.feature:12&amp#27;[0m
12:26:35.433 [main] INFO  factory.BaseClass - ***** Starting Scenario execution *****
12:26:42.524 [main] INFO  factory.BaseClass - Browser launched and navigated to URL.
12:26:42.552 [main] INFO  factory.BaseClass - User is on the Home Page
  &amp#27;[32mGiven &amp#27;[0m&amp#27;[32mUser navigates to Home Page&amp#27;[0m                                 &amp#27;[90m# stepDefinations.Basic.user_navigates_to_home_page()&amp#27;[0m
12:26:42.690 [main] INFO  factory.BaseClass - Hovering over 'New Bikes' menu...
12:26:43.531 [main] INFO  factory.BaseClass - Clicking on 'Upcoming Bikes' option...
  &amp#27;[32mWhen &amp#27;[0m&amp#27;[32muser goes to New Bikes and Clicks Upcoming Bikes&amp#27;[0m             &amp#27;[90m# stepDefinations.Basic.user_goes_to_new_bikes_and_clicks_upcoming_bikes()&amp#27;[0m
12:26:47.650 [main] INFO  factory.BaseClass - Successfully clicked Royal Enfield
  &amp#27;[32mAnd &amp#27;[0m&amp#27;[32muser selects the manufacturer &amp#27;[0m&amp#27;[32m&amp#27;[1m"Royal Enfield"&amp#27;[0m                 &amp#27;[90m# stepDefinations.Basic.user_selects_the_manufacturer(java.lang.String)&amp#27;[0m
12:26:47.857 [main] INFO  factory.BaseClass - Verifying page header for: Royal Enfield
  &amp#27;[32mThen &amp#27;[0m&amp#27;[32muser sees the &amp#27;[0m&amp#27;[32m&amp#27;[1m"Royal Enfield"&amp#27;[0m&amp#27;[32m upcoming bikes page&amp#27;[0m            &amp#27;[90m# stepDefinations.Basic.user_sees_the_upcoming_bikes_page(java.lang.String)&amp#27;[0m
12:26:51.365 [main] INFO  factory.BaseClass - Excel generated for Royal Enfield with TimeStamp column.
12:26:51.366 [main] INFO  factory.BaseClass - Data export completed for: Royal Enfield
  &amp#27;[32mAnd &amp#27;[0m&amp#27;[32muser exports filtered bikes to excel for &amp#27;[0m&amp#27;[32m&amp#27;[1m"Royal Enfield"&amp#27;[0m      &amp#27;[90m# stepDefinations.Basic.user_exports_filtered_bikes_to_excel_for(java.lang.String)&amp#27;[0m
12:26:51.370 [main] INFO  factory.BaseClass - Scenario PASSED: Verify upcoming bikes for different manufacturers
12:26:51.371 [main] INFO  factory.BaseClass - ***** Ending Scenario execution *****
]]></system-out>
    <system-err><![CDATA[Feb 16, 2026 12:26:38 PM org.openqa.selenium.devtools.CdpVersionFinder findNearestMatch
WARNING: Unable to find CDP implementation matching 144
Feb 16, 2026 12:26:38 PM org.openqa.selenium.chromium.ChromiumDriver lambda$new$5
WARNING: Unable to find version of CDP to use for 144.0.3719.115. You may need to include a dependency on a specific version of the CDP using something similar to `org.seleniumhq.selenium:selenium-devtools-v86:4.20.0` where the version ("v86") matches the version of the chromium-based browser you're using and the version number of the artifact is the same as Selenium's.
]]></system-err>
  </testcase>
  <testcase name="Verify upcoming bikes for different manufacturers #2" classname="Upcoming Bikes Extraction" time="20.891">
    <system-out><![CDATA[
Scenario Outline: Verify upcoming bikes for different manufacturers &amp#27;[90m# features/basic.feature:13&amp#27;[0m
12:26:57.604 [main] INFO  factory.BaseClass - ***** Starting Scenario execution *****
12:27:03.057 [main] INFO  factory.BaseClass - Browser launched and navigated to URL.
12:27:03.059 [main] INFO  factory.BaseClass - User is on the Home Page
  &amp#27;[32mGiven &amp#27;[0m&amp#27;[32mUser navigates to Home Page&amp#27;[0m                                 &amp#27;[90m# stepDefinations.Basic.user_navigates_to_home_page()&amp#27;[0m
12:27:03.065 [main] INFO  factory.BaseClass - Hovering over 'New Bikes' menu...
12:27:03.621 [main] INFO  factory.BaseClass - Clicking on 'Upcoming Bikes' option...
  &amp#27;[32mWhen &amp#27;[0m&amp#27;[32muser goes to New Bikes and Clicks Upcoming Bikes&amp#27;[0m             &amp#27;[90m# stepDefinations.Basic.user_goes_to_new_bikes_and_clicks_upcoming_bikes()&amp#27;[0m
12:27:07.438 [main] INFO  factory.BaseClass - Successfully clicked Yamaha
  &amp#27;[32mAnd &amp#27;[0m&amp#27;[32muser selects the manufacturer &amp#27;[0m&amp#27;[32m&amp#27;[1m"Yamaha"&amp#27;[0m                        &amp#27;[90m# stepDefinations.Basic.user_selects_the_manufacturer(java.lang.String)&amp#27;[0m
12:27:07.676 [main] INFO  factory.BaseClass - Verifying page header for: Yamaha
  &amp#27;[32mThen &amp#27;[0m&amp#27;[32muser sees the &amp#27;[0m&amp#27;[32m&amp#27;[1m"Yamaha"&amp#27;[0m&amp#27;[32m upcoming bikes page&amp#27;[0m                   &amp#27;[90m# stepDefinations.Basic.user_sees_the_upcoming_bikes_page(java.lang.String)&amp#27;[0m
12:27:11.532 [main] INFO  factory.BaseClass - Excel generated for Yamaha with TimeStamp column.
12:27:11.534 [main] INFO  factory.BaseClass - Data export completed for: Yamaha
  &amp#27;[32mAnd &amp#27;[0m&amp#27;[32muser exports filtered bikes to excel for &amp#27;[0m&amp#27;[32m&amp#27;[1m"Yamaha"&amp#27;[0m             &amp#27;[90m# stepDefinations.Basic.user_exports_filtered_bikes_to_excel_for(java.lang.String)&amp#27;[0m
12:27:11.538 [main] INFO  factory.BaseClass - Scenario PASSED: Verify upcoming bikes for different manufacturers
12:27:11.538 [main] INFO  factory.BaseClass - ***** Ending Scenario execution *****
]]></system-out>
    <system-err><![CDATA[Feb 16, 2026 12:27:00 PM org.openqa.selenium.devtools.CdpVersionFinder findNearestMatch
WARNING: Unable to find CDP implementation matching 144
Feb 16, 2026 12:27:00 PM org.openqa.selenium.chromium.ChromiumDriver lambda$new$5
WARNING: Unable to find version of CDP to use for 144.0.3719.115. You may need to include a dependency on a specific version of the CDP using something similar to `org.seleniumhq.selenium:selenium-devtools-v86:4.20.0` where the version ("v86") matches the version of the chromium-based browser you're using and the version number of the artifact is the same as Selenium's.
]]></system-err>
  </testcase>
  <testcase name="Verify upcoming bikes for different manufacturers #3" classname="Upcoming Bikes Extraction" time="14.593">
    <system-out><![CDATA[
Scenario Outline: Verify upcoming bikes for different manufacturers &amp#27;[90m# features/basic.feature:14&amp#27;[0m
12:27:18.496 [main] INFO  factory.BaseClass - ***** Starting Scenario execution *****
12:27:23.873 [main] INFO  factory.BaseClass - Browser launched and navigated to URL.
12:27:23.880 [main] INFO  factory.BaseClass - User is on the Home Page
  &amp#27;[32mGiven &amp#27;[0m&amp#27;[32mUser navigates to Home Page&amp#27;[0m                                 &amp#27;[90m# stepDefinations.Basic.user_navigates_to_home_page()&amp#27;[0m
12:27:23.880 [main] INFO  factory.BaseClass - Hovering over 'New Bikes' menu...
12:27:24.340 [main] INFO  factory.BaseClass - Clicking on 'Upcoming Bikes' option...
  &amp#27;[32mWhen &amp#27;[0m&amp#27;[32muser goes to New Bikes and Clicks Upcoming Bikes&amp#27;[0m             &amp#27;[90m# stepDefinations.Basic.user_goes_to_new_bikes_and_clicks_upcoming_bikes()&amp#27;[0m
12:27:27.540 [main] INFO  factory.BaseClass - Successfully clicked TVS
  &amp#27;[32mAnd &amp#27;[0m&amp#27;[32muser selects the manufacturer &amp#27;[0m&amp#27;[32m&amp#27;[1m"TVS"&amp#27;[0m                           &amp#27;[90m# stepDefinations.Basic.user_selects_the_manufacturer(java.lang.String)&amp#27;[0m
12:27:27.644 [main] INFO  factory.BaseClass - Verifying page header for: TVS
  &amp#27;[32mThen &amp#27;[0m&amp#27;[32muser sees the &amp#27;[0m&amp#27;[32m&amp#27;[1m"TVS"&amp#27;[0m&amp#27;[32m upcoming bikes page&amp#27;[0m                      &amp#27;[90m# stepDefinations.Basic.user_sees_the_upcoming_bikes_page(java.lang.String)&amp#27;[0m
12:27:28.256 [main] INFO  factory.BaseClass - Excel generated for TVS with TimeStamp column.
12:27:28.256 [main] INFO  factory.BaseClass - Data export completed for: TVS
  &amp#27;[32mAnd &amp#27;[0m&amp#27;[32muser exports filtered bikes to excel for &amp#27;[0m&amp#27;[32m&amp#27;[1m"TVS"&amp#27;[0m                &amp#27;[90m# stepDefinations.Basic.user_exports_filtered_bikes_to_excel_for(java.lang.String)&amp#27;[0m
12:27:28.260 [main] INFO  factory.BaseClass - Scenario PASSED: Verify upcoming bikes for different manufacturers
12:27:28.261 [main] INFO  factory.BaseClass - ***** Ending Scenario execution *****
]]></system-out>
    <system-err><![CDATA[Feb 16, 2026 12:27:20 PM org.openqa.selenium.devtools.CdpVersionFinder findNearestMatch
WARNING: Unable to find CDP implementation matching 144
Feb 16, 2026 12:27:20 PM org.openqa.selenium.chromium.ChromiumDriver lambda$new$5
WARNING: Unable to find version of CDP to use for 144.0.3719.115. You may need to include a dependency on a specific version of the CDP using something similar to `org.seleniumhq.selenium:selenium-devtools-v86:4.20.0` where the version ("v86") matches the version of the chromium-based browser you're using and the version number of the artifact is the same as Selenium's.
]]></system-err>
  </testcase>
  <testcase name="Verify upcoming bikes for different manufacturers #4" classname="Upcoming Bikes Extraction" time="15.568">
    <system-out><![CDATA[
Scenario Outline: Verify upcoming bikes for different manufacturers &amp#27;[90m# features/basic.feature:15&amp#27;[0m
12:27:33.088 [main] INFO  factory.BaseClass - ***** Starting Scenario execution *****
12:27:38.514 [main] INFO  factory.BaseClass - Browser launched and navigated to URL.
12:27:38.514 [main] INFO  factory.BaseClass - User is on the Home Page
  &amp#27;[32mGiven &amp#27;[0m&amp#27;[32mUser navigates to Home Page&amp#27;[0m                                 &amp#27;[90m# stepDefinations.Basic.user_navigates_to_home_page()&amp#27;[0m
12:27:38.522 [main] INFO  factory.BaseClass - Hovering over 'New Bikes' menu...
12:27:39.051 [main] INFO  factory.BaseClass - Clicking on 'Upcoming Bikes' option...
  &amp#27;[32mWhen &amp#27;[0m&amp#27;[32muser goes to New Bikes and Clicks Upcoming Bikes&amp#27;[0m             &amp#27;[90m# stepDefinations.Basic.user_goes_to_new_bikes_and_clicks_upcoming_bikes()&amp#27;[0m
12:27:42.692 [main] INFO  factory.BaseClass - Successfully clicked Bajaj
  &amp#27;[32mAnd &amp#27;[0m&amp#27;[32muser selects the manufacturer &amp#27;[0m&amp#27;[32m&amp#27;[1m"Bajaj"&amp#27;[0m                         &amp#27;[90m# stepDefinations.Basic.user_selects_the_manufacturer(java.lang.String)&amp#27;[0m
12:27:42.754 [main] INFO  factory.BaseClass - Verifying page header for: Bajaj
  &amp#27;[32mThen &amp#27;[0m&amp#27;[32muser sees the &amp#27;[0m&amp#27;[32m&amp#27;[1m"Bajaj"&amp#27;[0m&amp#27;[32m upcoming bikes page&amp#27;[0m                    &amp#27;[90m# stepDefinations.Basic.user_sees_the_upcoming_bikes_page(java.lang.String)&amp#27;[0m
12:27:43.505 [main] INFO  factory.BaseClass - Excel generated for Bajaj with TimeStamp column.
12:27:43.505 [main] INFO  factory.BaseClass - Data export completed for: Bajaj
  &amp#27;[32mAnd &amp#27;[0m&amp#27;[32muser exports filtered bikes to excel for &amp#27;[0m&amp#27;[32m&amp#27;[1m"Bajaj"&amp#27;[0m              &amp#27;[90m# stepDefinations.Basic.user_exports_filtered_bikes_to_excel_for(java.lang.String)&amp#27;[0m
12:27:43.505 [main] INFO  factory.BaseClass - Scenario PASSED: Verify upcoming bikes for different manufacturers
12:27:43.505 [main] INFO  factory.BaseClass - ***** Ending Scenario execution *****
]]></system-out>
    <system-err><![CDATA[Feb 16, 2026 12:27:35 PM org.openqa.selenium.devtools.CdpVersionFinder findNearestMatch
WARNING: Unable to find CDP implementation matching 144
Feb 16, 2026 12:27:35 PM org.openqa.selenium.chromium.ChromiumDriver lambda$new$5
WARNING: Unable to find version of CDP to use for 144.0.3719.115. You may need to include a dependency on a specific version of the CDP using something similar to `org.seleniumhq.selenium:selenium-devtools-v86:4.20.0` where the version ("v86") matches the version of the chromium-based browser you're using and the version number of the artifact is the same as Selenium's.
]]></system-err>
  </testcase>
  <testcase name="Verify upcoming bikes for different manufacturers #5" classname="Upcoming Bikes Extraction" time="16.405">
    <system-out><![CDATA[
Scenario Outline: Verify upcoming bikes for different manufacturers &amp#27;[90m# features/basic.feature:16&amp#27;[0m
12:27:48.658 [main] INFO  factory.BaseClass - ***** Starting Scenario execution *****
12:27:54.413 [main] INFO  factory.BaseClass - Browser launched and navigated to URL.
12:27:54.424 [main] INFO  factory.BaseClass - User is on the Home Page
  &amp#27;[32mGiven &amp#27;[0m&amp#27;[32mUser navigates to Home Page&amp#27;[0m                                 &amp#27;[90m# stepDefinations.Basic.user_navigates_to_home_page()&amp#27;[0m
12:27:54.424 [main] INFO  factory.BaseClass - Hovering over 'New Bikes' menu...
12:27:55.134 [main] INFO  factory.BaseClass - Clicking on 'Upcoming Bikes' option...
  &amp#27;[32mWhen &amp#27;[0m&amp#27;[32muser goes to New Bikes and Clicks Upcoming Bikes&amp#27;[0m             &amp#27;[90m# stepDefinations.Basic.user_goes_to_new_bikes_and_clicks_upcoming_bikes()&amp#27;[0m
12:27:58.689 [main] INFO  factory.BaseClass - Successfully clicked Hero Moto Corp
  &amp#27;[32mAnd &amp#27;[0m&amp#27;[32muser selects the manufacturer &amp#27;[0m&amp#27;[32m&amp#27;[1m"Hero Moto Corp"&amp#27;[0m                &amp#27;[90m# stepDefinations.Basic.user_selects_the_manufacturer(java.lang.String)&amp#27;[0m
12:27:58.804 [main] INFO  factory.BaseClass - Verifying page header for: Hero Moto Corp
  &amp#27;[32mThen &amp#27;[0m&amp#27;[32muser sees the &amp#27;[0m&amp#27;[32m&amp#27;[1m"Hero Moto Corp"&amp#27;[0m&amp#27;[32m upcoming bikes page&amp#27;[0m           &amp#27;[90m# stepDefinations.Basic.user_sees_the_upcoming_bikes_page(java.lang.String)&amp#27;[0m
12:27:59.627 [main] INFO  factory.BaseClass - Excel generated for Hero Moto Corp with TimeStamp column.
12:27:59.633 [main] INFO  factory.BaseClass - Data export completed for: Hero Moto Corp
  &amp#27;[32mAnd &amp#27;[0m&amp#27;[32muser exports filtered bikes to excel for &amp#27;[0m&amp#27;[32m&amp#27;[1m"Hero Moto Corp"&amp#27;[0m     &amp#27;[90m# stepDefinations.Basic.user_exports_filtered_bikes_to_excel_for(java.lang.String)&amp#27;[0m
12:27:59.633 [main] INFO  factory.BaseClass - Scenario PASSED: Verify upcoming bikes for different manufacturers
12:27:59.633 [main] INFO  factory.BaseClass - ***** Ending Scenario execution *****
]]></system-out>
    <system-err><![CDATA[Feb 16, 2026 12:27:51 PM org.openqa.selenium.devtools.CdpVersionFinder findNearestMatch
WARNING: Unable to find CDP implementation matching 144
Feb 16, 2026 12:27:51 PM org.openqa.selenium.chromium.ChromiumDriver lambda$new$5
WARNING: Unable to find version of CDP to use for 144.0.3719.115. You may need to include a dependency on a specific version of the CDP using something similar to `org.seleniumhq.selenium:selenium-devtools-v86:4.20.0` where the version ("v86") matches the version of the chromium-based browser you're using and the version number of the artifact is the same as Selenium's.
]]></system-err>
  </testcase>
  <testcase name="Attempt Google login with invalid credentials" classname="Google login via ZigWheels" time="47.404">
    <failure message="Automation Blocked" type="java.lang.AssertionError"><![CDATA[java.lang.AssertionError: Automation Blocked
	at org.junit.Assert.fail(Assert.java:89)
	at stepDefinations.LoginSteps.user_attempts_google_login_with_credentials_from_sheet(LoginSteps.java:48)
	at ✽.user attempts Google login with credentials from sheet "Google"(file:///C:/Users/2462058/Downloads/Identify_New_Bikes%20(1)/Identify_New_Bikes/./features/googlelogin.feature:9)
]]></failure>
    <system-out><![CDATA[
@GoogleLogin
Scenario: Attempt Google login with invalid credentials               &amp#27;[90m# features/googlelogin.feature:6&amp#27;[0m
12:28:05.078 [main] INFO  factory.BaseClass - ***** Starting Scenario execution *****
12:28:10.526 [main] INFO  factory.BaseClass - Browser launched and navigated to URL.
12:28:10.534 [main] INFO  factory.BaseClass - User is on the Home Page
  &amp#27;[32mGiven &amp#27;[0m&amp#27;[32mUser navigates to Home Page&amp#27;[0m                                   &amp#27;[90m# stepDefinations.Basic.user_navigates_to_home_page()&amp#27;[0m
12:28:10.534 [main] INFO  factory.BaseClass - Opening login and clicking Continue with Google...
12:28:10.534 [main] INFO  factory.BaseClass - Opening Login popup/modal...
12:28:11.217 [main] INFO  factory.BaseClass - Login UI opened.
12:28:11.217 [main] INFO  factory.BaseClass - Clicking 'Continue with Google'...
  &amp#27;[32mWhen &amp#27;[0m&amp#27;[32muser goes to login and clicks Google&amp#27;[0m                           &amp#27;[90m# stepDefinations.LoginSteps.user_goes_to_login_and_clicks_google()&amp#27;[0m
12:28:12.173 [main] INFO  factory.BaseClass - Waiting for Google login window to open...
12:28:14.182 [main] INFO  factory.BaseClass - Switched to Google window. Title: 
12:28:14.283 [main] INFO  factory.BaseClass - Attempting Google login with email: mytestid@gmail.com
12:28:14.283 [main] INFO  factory.BaseClass - Entering email on Google...
12:28:15.210 [main] INFO  factory.BaseClass - Entering password on Google...
12:28:47.138 [main] WARN  factory.BaseClass - Password field not visible. Google may have blocked automation or email invalid.
  &amp#27;[31mAnd &amp#27;[0m&amp#27;[31muser attempts Google login with credentials from sheet &amp#27;[0m&amp#27;[31m&amp#27;[1m"Google"&amp#27;[0m &amp#27;[90m# stepDefinations.LoginSteps.user_attempts_google_login_with_credentials_from_sheet(java.lang.String)&amp#27;[0m
      &amp#27;[31mjava.lang.AssertionError: Automation Blocked
	at org.junit.Assert.fail(Assert.java:89)
	at stepDefinations.LoginSteps.user_attempts_google_login_with_credentials_from_sheet(LoginSteps.java:48)
	at ✽.user attempts Google login with credentials from sheet "Google"(file:///C:/Users/2462058/Downloads/Identify_New_Bikes%20(1)/Identify_New_Bikes/./features/googlelogin.feature:9)
&amp#27;[0m
  &amp#27;[36mThen &amp#27;[0m&amp#27;[36mmark the test as failed intentionally after invalid login&amp#27;[0m      &amp#27;[90m# stepDefinations.LoginSteps.mark_the_test_as_failed_intentionally_after_invalid_login()&amp#27;[0m
12:28:47.164 [main] ERROR factory.BaseClass - Scenario FAILED: Attempt Google login with invalid credentials

    Embedding Attempt Google login with invalid credentials [image/png 40473 bytes]

12:28:47.295 [main] INFO  factory.BaseClass - ***** Ending Scenario execution *****
]]></system-out>
    <system-err><![CDATA[Feb 16, 2026 12:28:07 PM org.openqa.selenium.devtools.CdpVersionFinder findNearestMatch
WARNING: Unable to find CDP implementation matching 144
Feb 16, 2026 12:28:07 PM org.openqa.selenium.chromium.ChromiumDriver lambda$new$5
WARNING: Unable to find version of CDP to use for 144.0.3719.115. You may need to include a dependency on a specific version of the CDP using something similar to `org.seleniumhq.selenium:selenium-devtools-v86:4.20.0` where the version ("v86") matches the version of the chromium-based browser you're using and the version number of the artifact is the same as Selenium's.
]]></system-err>
  </testcase>
  <testcase name="Checking Used cars page #1" classname="Going to Used Cars Page" time="54.183">
    <system-out><![CDATA[
Scenario Outline: Checking Used cars page                     &amp#27;[90m# features/usedcars.feature:13&amp#27;[0m
12:28:52.472 [main] INFO  factory.BaseClass - ***** Starting Scenario execution *****
12:28:57.063 [main] INFO  factory.BaseClass - Browser launched and navigated to URL.
12:28:57.068 [main] INFO  factory.BaseClass - User is on the Home Page
  &amp#27;[32mGiven &amp#27;[0m&amp#27;[32mUser navigates to HomePage&amp#27;[0m                            &amp#27;[90m# stepDefinations.UsedCars.user_navigates_to_home_page()&amp#27;[0m
12:28:57.071 [main] INFO  factory.BaseClass - Hovering over 'More' menu...
12:28:58.396 [main] INFO  factory.BaseClass - Clicking on 'Used Cars' option...
  &amp#27;[32mWhen &amp#27;[0m&amp#27;[32mUser navigates to Used Cars page&amp#27;[0m                       &amp#27;[90m# stepDefinations.UsedCars.user_navigates_to_used_cars_page()&amp#27;[0m
  &amp#27;[32mAnd &amp#27;[0m&amp#27;[32muser selects the city &amp#27;[0m&amp#27;[32m&amp#27;[1m"Chennai"&amp#27;[0m                         &amp#27;[90m# stepDefinations.UsedCars.user_selects_the_city(java.lang.String)&amp#27;[0m
12:29:03.584 [main] INFO  factory.BaseClass - Starting infinite scroll for Chennai
12:29:18.416 [main] INFO  factory.BaseClass - Reached the end: 'That's all Folks!!' is visible.
12:29:38.933 [main] INFO  factory.BaseClass - Extraction complete for city: Chennai
  &amp#27;[32mThen &amp#27;[0m&amp#27;[32muser exports filtered used cars to excel for &amp#27;[0m&amp#27;[32m&amp#27;[1m"Chennai"&amp#27;[0m &amp#27;[90m# stepDefinations.UsedCars.user_exports_filtered_used_cars_to_excel_for(java.lang.String)&amp#27;[0m
  &amp#27;[32mThen &amp#27;[0m&amp#27;[32mchecks if thats Used cars page or not &amp#27;[0m&amp#27;[32m&amp#27;[1m"Chennai"&amp#27;[0m        &amp#27;[90m# stepDefinations.UsedCars.checks_if_thats_used_cars_page_or_not(java.lang.String)&amp#27;[0m
12:29:39.005 [main] INFO  factory.BaseClass - Scenario PASSED: Checking Used cars page
12:29:39.005 [main] INFO  factory.BaseClass - ***** Ending Scenario execution *****
]]></system-out>
    <system-err><![CDATA[Feb 16, 2026 12:28:54 PM org.openqa.selenium.devtools.CdpVersionFinder findNearestMatch
WARNING: Unable to find CDP implementation matching 144
Feb 16, 2026 12:28:54 PM org.openqa.selenium.chromium.ChromiumDriver lambda$new$5
WARNING: Unable to find version of CDP to use for 144.0.3719.115. You may need to include a dependency on a specific version of the CDP using something similar to `org.seleniumhq.selenium:selenium-devtools-v86:4.20.0` where the version ("v86") matches the version of the chromium-based browser you're using and the version number of the artifact is the same as Selenium's.
]]></system-err>
  </testcase>
  <testcase name="Checking Used cars page #2" classname="Going to Used Cars Page" time="197.249">
    <system-out><![CDATA[
Scenario Outline: Checking Used cars page                       &amp#27;[90m# features/usedcars.feature:14&amp#27;[0m
12:29:46.654 [main] INFO  factory.BaseClass - ***** Starting Scenario execution *****
12:29:52.239 [main] INFO  factory.BaseClass - Browser launched and navigated to URL.
12:29:52.239 [main] INFO  factory.BaseClass - User is on the Home Page
  &amp#27;[32mGiven &amp#27;[0m&amp#27;[32mUser navigates to HomePage&amp#27;[0m                              &amp#27;[90m# stepDefinations.UsedCars.user_navigates_to_home_page()&amp#27;[0m
12:29:52.246 [main] INFO  factory.BaseClass - Hovering over 'More' menu...
12:29:52.935 [main] INFO  factory.BaseClass - Clicking on 'Used Cars' option...
  &amp#27;[32mWhen &amp#27;[0m&amp#27;[32mUser navigates to Used Cars page&amp#27;[0m                         &amp#27;[90m# stepDefinations.UsedCars.user_navigates_to_used_cars_page()&amp#27;[0m
  &amp#27;[32mAnd &amp#27;[0m&amp#27;[32muser selects the city &amp#27;[0m&amp#27;[32m&amp#27;[1m"Bangalore"&amp#27;[0m                         &amp#27;[90m# stepDefinations.UsedCars.user_selects_the_city(java.lang.String)&amp#27;[0m
12:29:58.644 [main] INFO  factory.BaseClass - Starting infinite scroll for Bangalore
12:31:09.786 [main] INFO  factory.BaseClass - Reached the end: 'That's all Folks!!' is visible.
12:32:54.039 [main] INFO  factory.BaseClass - Extraction complete for city: Bangalore
  &amp#27;[32mThen &amp#27;[0m&amp#27;[32muser exports filtered used cars to excel for &amp#27;[0m&amp#27;[32m&amp#27;[1m"Bangalore"&amp#27;[0m &amp#27;[90m# stepDefinations.UsedCars.user_exports_filtered_used_cars_to_excel_for(java.lang.String)&amp#27;[0m
  &amp#27;[32mThen &amp#27;[0m&amp#27;[32mchecks if thats Used cars page or not &amp#27;[0m&amp#27;[32m&amp#27;[1m"Bangalore"&amp#27;[0m        &amp#27;[90m# stepDefinations.UsedCars.checks_if_thats_used_cars_page_or_not(java.lang.String)&amp#27;[0m
12:32:54.090 [main] INFO  factory.BaseClass - Scenario PASSED: Checking Used cars page
12:32:54.090 [main] INFO  factory.BaseClass - ***** Ending Scenario execution *****
]]></system-out>
    <system-err><![CDATA[Feb 16, 2026 12:29:49 PM org.openqa.selenium.devtools.CdpVersionFinder findNearestMatch
WARNING: Unable to find CDP implementation matching 144
Feb 16, 2026 12:29:49 PM org.openqa.selenium.chromium.ChromiumDriver lambda$new$5
WARNING: Unable to find version of CDP to use for 144.0.3719.115. You may need to include a dependency on a specific version of the CDP using something similar to `org.seleniumhq.selenium:selenium-devtools-v86:4.20.0` where the version ("v86") matches the version of the chromium-based browser you're using and the version number of the artifact is the same as Selenium's.
]]></system-err>
  </testcase>
  <testcase name="Checking Used cars page #3" classname="Going to Used Cars Page" time="224.31">
    <system-out><![CDATA[
Scenario Outline: Checking Used cars page                    &amp#27;[90m# features/usedcars.feature:15&amp#27;[0m
12:33:03.915 [main] INFO  factory.BaseClass - ***** Starting Scenario execution *****
12:33:10.070 [main] INFO  factory.BaseClass - Browser launched and navigated to URL.
12:33:10.070 [main] INFO  factory.BaseClass - User is on the Home Page
  &amp#27;[32mGiven &amp#27;[0m&amp#27;[32mUser navigates to HomePage&amp#27;[0m                           &amp#27;[90m# stepDefinations.UsedCars.user_navigates_to_home_page()&amp#27;[0m
12:33:10.070 [main] INFO  factory.BaseClass - Hovering over 'More' menu...
12:33:10.613 [main] INFO  factory.BaseClass - Clicking on 'Used Cars' option...
  &amp#27;[32mWhen &amp#27;[0m&amp#27;[32mUser navigates to Used Cars page&amp#27;[0m                      &amp#27;[90m# stepDefinations.UsedCars.user_navigates_to_used_cars_page()&amp#27;[0m
  &amp#27;[32mAnd &amp#27;[0m&amp#27;[32muser selects the city &amp#27;[0m&amp#27;[32m&amp#27;[1m"Mumbai"&amp#27;[0m                         &amp#27;[90m# stepDefinations.UsedCars.user_selects_the_city(java.lang.String)&amp#27;[0m
12:33:15.978 [main] INFO  factory.BaseClass - Starting infinite scroll for Mumbai
12:34:41.813 [main] INFO  factory.BaseClass - Reached the end: 'That's all Folks!!' is visible.
12:36:38.472 [main] INFO  factory.BaseClass - Extraction complete for city: Mumbai
  &amp#27;[32mThen &amp#27;[0m&amp#27;[32muser exports filtered used cars to excel for &amp#27;[0m&amp#27;[32m&amp#27;[1m"Mumbai"&amp#27;[0m &amp#27;[90m# stepDefinations.UsedCars.user_exports_filtered_used_cars_to_excel_for(java.lang.String)&amp#27;[0m
  &amp#27;[32mThen &amp#27;[0m&amp#27;[32mchecks if thats Used cars page or not &amp#27;[0m&amp#27;[32m&amp#27;[1m"Mumbai"&amp#27;[0m        &amp#27;[90m# stepDefinations.UsedCars.checks_if_thats_used_cars_page_or_not(java.lang.String)&amp#27;[0m
12:36:38.505 [main] INFO  factory.BaseClass - Scenario PASSED: Checking Used cars page
12:36:38.505 [main] INFO  factory.BaseClass - ***** Ending Scenario execution *****
]]></system-out>
    <system-err><![CDATA[Feb 16, 2026 12:33:06 PM org.openqa.selenium.devtools.CdpVersionFinder findNearestMatch
WARNING: Unable to find CDP implementation matching 144
Feb 16, 2026 12:33:06 PM org.openqa.selenium.chromium.ChromiumDriver lambda$new$5
WARNING: Unable to find version of CDP to use for 144.0.3719.115. You may need to include a dependency on a specific version of the CDP using something similar to `org.seleniumhq.selenium:selenium-devtools-v86:4.20.0` where the version ("v86") matches the version of the chromium-based browser you're using and the version number of the artifact is the same as Selenium's.
]]></system-err>
  </testcase>
</testsuite>