-------------------------------------------------------------------------------
Test set: testRunner.FailedTestRunner
-------------------------------------------------------------------------------
Tests run: 1, Failures: 1, Errors: 0, Skipped: 0, Time elapsed: 44.15 s <<< FAILURE! -- in testRunner.FailedTestRunner
Google login via ZigWheels.Attempt Google login with invalid credentials -- Time elapsed: 44.12 s <<< FAILURE!
java.lang.AssertionError: Automation Blocked
	at org.junit.Assert.fail(Assert.java:89)
	at stepDefinations.LoginSteps.user_attempts_google_login_with_credentials_from_sheet(LoginSteps.java:48)
	at âœ½.user attempts Google login with credentials from sheet "Google"(file:///C:/Users/2462058/Downloads/Identify_New_Bikes%20(1)/Identify_New_Bikes/features/googlelogin.feature:9)

